<?xml version="1.0" encoding="UTF-8"?>
<!-- Generated by org.testng.reporters.JUnitReportReporter -->
<testsuite hostname="Sajid" failures="0" tests="4" name="testcases.TestShoppingCart" time="10.686" errors="0" timestamp="2024-03-15T14:31:49 BDT" skipped="0">
  <testcase classname="testcases.TestShoppingCart" name="testUpdateQuantity" time="0.347"/>
  <testcase classname="testcases.TestShoppingCart" name="testShoppingCartButton" time="3.373"/>
  <testcase classname="testcases.TestShoppingCart" name="testUpdatedTotalPrice" time="5.037"/>
  <testcase classname="testcases.TestShoppingCart" name="testCompleteTheOrderButton" time="1.929"/>
</testsuite> <!-- testcases.TestShoppingCart -->
