<?xml version="1.0" encoding="UTF-8"?>
<!-- Generated by org.testng.reporters.JUnitReportReporter -->
<testsuite hostname="Sajid" failures="0" tests="5" name="testcases.TestBooksDisplay" time="8.180" errors="0" timestamp="2024-03-14T01:25:02 BDT" skipped="0">
  <testcase classname="testcases.TestBooksDisplay" name="testBookNameAndPrice" time="5.676"/>
  <testcase classname="testcases.TestBooksDisplay" name="testAuthorNameOfBook" time="0.027"/>
  <testcase classname="testcases.TestBooksDisplay" name="testSortingBooks" time="0.351"/>
  <testcase classname="testcases.TestBooksDisplay" name="testSelectABook" time="2.035"/>
  <testcase classname="testcases.TestBooksDisplay" name="testBookDescription" time="0.091"/>
</testsuite> <!-- testcases.TestBooksDisplay -->
