<?xml version="1.0" encoding="UTF-8"?>
<!-- Generated by org.testng.reporters.JUnitReportReporter -->
<testsuite hostname="Sajid" failures="0" tests="2" name="testcases.TestMyAccount" time="47.153" errors="0" timestamp="2024-03-10T16:10:07 BDT" skipped="0">
  <testcase classname="testcases.TestMyAccount" name="testLogout" time="4.075"/>
  <testcase classname="testcases.TestMyAccount" name="testMyAccountOption" time="43.078"/>
</testsuite> <!-- testcases.TestMyAccount -->
