<?xml version="1.0" encoding="UTF-8"?>
<!-- Generated by org.testng.reporters.JUnitReportReporter -->
<testsuite hostname="Sajid" failures="0" tests="6" name="testcases.TestCheckout" time="8.193" errors="0" timestamp="2024-03-25T17:37:02 BDT" skipped="0">
  <testcase classname="testcases.TestCheckout" name="testEmergencyPhoneNumberField" time="0.111"/>
  <testcase classname="testcases.TestCheckout" name="testSelectDistrict" time="0.384"/>
  <testcase classname="testcases.TestCheckout" name="testSelectUpazila" time="5.300"/>
  <testcase classname="testcases.TestCheckout" name="testAddressField" time="0.115"/>
  <testcase classname="testcases.TestCheckout" name="testOtherInformationField" time="0.120"/>
  <testcase classname="testcases.TestCheckout" name="testSelectPaymentOption" time="2.163"/>
</testsuite> <!-- testcases.TestCheckout -->
