<?xml version="1.0" encoding="UTF-8"?>
<!-- Generated by org.testng.reporters.JUnitReportReporter -->
<testsuite hostname="Sajid" failures="0" tests="2" name="testcases.TestMyAccount" time="47.367" errors="0" timestamp="2024-03-10T16:57:11 BDT" skipped="0">
  <testcase classname="testcases.TestMyAccount" name="testLogout" time="5.041"/>
  <testcase classname="testcases.TestMyAccount" name="testMyAccountOption" time="42.326"/>
</testsuite> <!-- testcases.TestMyAccount -->
