<?xml version="1.0" encoding="UTF-8"?>
<!-- Generated by org.testng.reporters.JUnitReportReporter -->
<testsuite hostname="Sajid" failures="0" tests="10" name="testcases.TestLogin" time="345.595" errors="0" timestamp="2024-03-25T17:37:02 BDT" skipped="0">
  <testcase classname="testcases.TestLogin" name="testloginPagetitle" time="129.985"/>
  <testcase classname="testcases.TestLogin" name="testInputFieldIsPresent" time="0.061"/>
  <testcase classname="testcases.TestLogin" name="testRegisterButonIsPresent" time="0.048"/>
  <testcase classname="testcases.TestLogin" name="testLoginWithInvalidCredentials" time="7.328"/>
  <testcase classname="testcases.TestLogin" name="testLoginWithInvalidCredentials" time="98.217"/>
  <testcase classname="testcases.TestLogin" name="testLoginWithInvalidCredentials" time="78.370"/>
  <testcase classname="testcases.TestLogin" name="testLoginWithInvalidCredentials" time="13.645"/>
  <testcase classname="testcases.TestLogin" name="testLoginWithInvalidCredentials" time="3.893"/>
  <testcase classname="testcases.TestLogin" name="testLoginWithInvalidCredentials" time="7.725"/>
  <testcase classname="testcases.TestLogin" name="testLoginWithValidCredentials" time="6.323"/>
</testsuite> <!-- testcases.TestLogin -->
