<?xml version="1.0" encoding="UTF-8"?>
<!-- Generated by org.testng.reporters.JUnitReportReporter -->
<testsuite hostname="Sajid" failures="0" tests="5" name="testcases.TestShoppingCart" time="21.384" errors="0" timestamp="2024-03-25T17:37:02 BDT" skipped="0">
  <testcase classname="testcases.TestShoppingCart" name="testShoppingCartButton" time="6.815"/>
  <testcase classname="testcases.TestShoppingCart" name="testAddedProductTitle" time="0.044"/>
  <testcase classname="testcases.TestShoppingCart" name="testUpdateQuantity" time="0.371"/>
  <testcase classname="testcases.TestShoppingCart" name="testUpdatedTotalPrice" time="5.038"/>
  <testcase classname="testcases.TestShoppingCart" name="testCompleteTheOrderButton" time="9.116"/>
</testsuite> <!-- testcases.TestShoppingCart -->
