<?xml version="1.0" encoding="UTF-8"?>
<!-- Generated by org.testng.reporters.JUnitReportReporter -->
<testsuite hostname="Sajid" failures="0" tests="4" name="testcases.TestAuthor" time="6.849" errors="0" timestamp="2024-03-25T17:37:02 BDT" skipped="0">
  <testcase classname="testcases.TestAuthor" name="testDisplayAuthorNames" time="1.081"/>
  <testcase classname="testcases.TestAuthor" name="testNextPageNumber" time="2.049"/>
  <testcase classname="testcases.TestAuthor" name="testRightwardArrow" time="2.527"/>
  <testcase classname="testcases.TestAuthor" name="testDisplayBooksOfAAuthor" time="1.192"/>
</testsuite> <!-- testcases.TestAuthor -->
