<?xml version="1.0" encoding="UTF-8"?>
<!-- Generated by org.testng.reporters.JUnitReportReporter -->
<testsuite hostname="Sajid" failures="0" tests="1" name="testcases.TestOrder" time="2.363" errors="0" timestamp="2024-03-15T09:42:24 BDT" skipped="0">
  <testcase classname="testcases.TestOrder" name="testOrderButton" time="2.363"/>
</testsuite> <!-- testcases.TestOrder -->
