<?xml version="1.0" encoding="UTF-8"?>
<!-- Generated by org.testng.reporters.JUnitReportReporter -->
<testsuite hostname="Sajid" failures="0" tests="7" name="testcases.TestHeader" time="22.751" errors="0" timestamp="2024-03-25T17:37:02 BDT" skipped="0">
  <testcase classname="testcases.TestHeader" name="testDisplayLoginRegister" time="3.650"/>
  <testcase classname="testcases.TestHeader" name="testDisplayLogo" time="0.067"/>
  <testcase classname="testcases.TestHeader" name="testDisplayMenuBar" time="0.048"/>
  <testcase classname="testcases.TestHeader" name="testDisplaySearchBar" time="0.053"/>
  <testcase classname="testcases.TestHeader" name="testOpenAMenu" time="8.522"/>
  <testcase classname="testcases.TestHeader" name="testLogoFunctionality" time="6.820"/>
  <testcase classname="testcases.TestHeader" name="testOpenLoginAndRegisterPage" time="3.591"/>
</testsuite> <!-- testcases.TestHeader -->
