<?xml version="1.0" encoding="UTF-8"?>
<!-- Generated by org.testng.reporters.JUnitReportReporter -->
<testsuite hostname="Sajid" failures="0" tests="4" name="testcases.TestShoppingCart" time="8.057" errors="0" timestamp="2024-03-15T12:00:23 BDT" skipped="0">
  <testcase classname="testcases.TestShoppingCart" name="testUpdateQuantity" time="0.361"/>
  <testcase classname="testcases.TestShoppingCart" name="testShoppingCartButton" time="2.664"/>
  <testcase classname="testcases.TestShoppingCart" name="testCompleteTheOrderButton" time="1.987"/>
  <testcase classname="testcases.TestShoppingCart" name="testUpdatedTotalPrice" time="3.045"/>
</testsuite> <!-- testcases.TestShoppingCart -->
