<?xml version="1.0" encoding="UTF-8"?>
<!-- Generated by org.testng.reporters.JUnitReportReporter -->
<testsuite hostname="Sajid" failures="0" tests="1" name="testcases.TestOrder" time="3.897" errors="0" timestamp="2024-03-15T14:31:49 BDT" skipped="0">
  <testcase classname="testcases.TestOrder" name="testProductAddedToCart" time="3.897"/>
</testsuite> <!-- testcases.TestOrder -->
