<?xml version="1.0" encoding="UTF-8"?>
<!-- Generated by org.testng.reporters.JUnitReportReporter -->
<testsuite hostname="Sajid" failures="0" tests="22" name="testcases.TestRegister" time="114.586" errors="0" timestamp="2024-03-09T21:34:02 BDT" skipped="0">
  <testcase classname="testcases.TestRegister" name="testRegister" time="4.983"/>
  <testcase classname="testcases.TestRegister" name="testRegister" time="8.550"/>
  <testcase classname="testcases.TestRegister" name="testRegister" time="5.345"/>
  <testcase classname="testcases.TestRegister" name="testRegister" time="5.216"/>
  <testcase classname="testcases.TestRegister" name="testRegister" time="4.503"/>
  <testcase classname="testcases.TestRegister" name="testRegister" time="5.090"/>
  <testcase classname="testcases.TestRegister" name="testRegister" time="4.712"/>
  <testcase classname="testcases.TestRegister" name="testRegister" time="5.139"/>
  <testcase classname="testcases.TestRegister" name="testRegister" time="5.536"/>
  <testcase classname="testcases.TestRegister" name="testRegister" time="5.204"/>
  <testcase classname="testcases.TestRegister" name="testRegister" time="4.918"/>
  <testcase classname="testcases.TestRegister" name="testRegister" time="4.902"/>
  <testcase classname="testcases.TestRegister" name="testRegister" time="4.842"/>
  <testcase classname="testcases.TestRegister" name="testRegister" time="5.181"/>
  <testcase classname="testcases.TestRegister" name="testRegister" time="5.033"/>
  <testcase classname="testcases.TestRegister" name="testRegister" time="4.950"/>
  <testcase classname="testcases.TestRegister" name="testRegister" time="4.818"/>
  <testcase classname="testcases.TestRegister" name="testRegister" time="5.264"/>
  <testcase classname="testcases.TestRegister" name="testRegister" time="4.704"/>
  <testcase classname="testcases.TestRegister" name="testRegister" time="5.229"/>
  <testcase classname="testcases.TestRegister" name="testRegister" time="5.120"/>
  <testcase classname="testcases.TestRegister" name="testRegister" time="5.347"/>
</testsuite> <!-- testcases.TestRegister -->
