<?xml version="1.0" encoding="UTF-8"?>
<!-- Generated by org.testng.reporters.JUnitReportReporter -->
<testsuite hostname="Sajid" failures="0" tests="1" name="testcases.TestHomePage" time="4.160" errors="0" timestamp="2024-02-27T13:01:34 BDT" skipped="0">
  <testcase classname="testcases.TestHomePage" name="testDisplayCarouselBanner" time="4.160"/>
</testsuite> <!-- testcases.TestHomePage -->
