<?xml version="1.0" encoding="UTF-8"?>
<!-- Generated by org.testng.reporters.JUnitReportReporter -->
<testsuite hostname="Sajid" failures="0" tests="1" name="testcases.TestLogin" time="5.541" errors="0" timestamp="2024-03-10T01:43:41 BDT" skipped="0">
  <testcase classname="testcases.TestLogin" name="testLoginWithValidCredentials" time="5.541"/>
</testsuite> <!-- testcases.TestLogin -->
