<?xml version="1.0" encoding="UTF-8"?>
<!-- Generated by org.testng.reporters.JUnitReportReporter -->
<testsuite hostname="Sajid" failures="0" tests="1" name="testcases.TestAuthor" time="7.338" errors="0" timestamp="2024-03-12T16:24:55 BDT" skipped="0">
  <testcase classname="testcases.TestAuthor" name="testDisplayBooksOfAAuthor" time="7.338"/>
</testsuite> <!-- testcases.TestAuthor -->
