<?xml version="1.0" encoding="UTF-8"?>
<!-- Generated by org.testng.reporters.JUnitReportReporter -->
<testsuite hostname="Sajid" failures="0" tests="1" name="testcases.TestHomePage" time="12.004" errors="0" timestamp="2024-02-26T23:41:06 BDT" skipped="0">
  <testcase classname="testcases.TestHomePage" name="testOpenCarouselBanner" time="12.004"/>
</testsuite> <!-- testcases.TestHomePage -->
