<?xml version="1.0" encoding="UTF-8"?>
<!-- Generated by org.testng.reporters.JUnitReportReporter -->
<testsuite hostname="Sajid" failures="0" tests="1" name="testcases.TestHeader" time="6.591" errors="0" timestamp="2024-02-27T14:17:06 BDT" skipped="0">
  <testcase classname="testcases.TestHeader" name="testOpenAMenu" time="6.591"/>
</testsuite> <!-- testcases.TestHeader -->
