<?xml version="1.0" encoding="UTF-8"?>
<!-- Generated by org.testng.reporters.JUnitReportReporter -->
<testsuite hostname="Sajid" failures="0" tests="5" name="testcases.TestBooksDisplay" time="5.011" errors="0" timestamp="2024-03-25T17:37:02 BDT" skipped="0">
  <testcase classname="testcases.TestBooksDisplay" name="testBookNameAndPrice" time="0.055"/>
  <testcase classname="testcases.TestBooksDisplay" name="testAuthorNameOfBook" time="0.029"/>
  <testcase classname="testcases.TestBooksDisplay" name="testSortingBooks" time="0.312"/>
  <testcase classname="testcases.TestBooksDisplay" name="testSelectABook" time="4.543"/>
  <testcase classname="testcases.TestBooksDisplay" name="testBookDescription" time="0.072"/>
</testsuite> <!-- testcases.TestBooksDisplay -->
