<?xml version="1.0" encoding="UTF-8"?>
<!-- Generated by org.testng.reporters.JUnitReportReporter -->
<testsuite hostname="Sajid" failures="0" tests="3" name="testcases.TestHomePage" time="15.905" errors="0" timestamp="2024-03-25T17:37:02 BDT" skipped="0">
  <testcase classname="testcases.TestHomePage" name="testDisplayFeatureBooks" time="10.550"/>
  <testcase classname="testcases.TestHomePage" name="testDisplayCarouselBanner" time="0.150"/>
  <testcase classname="testcases.TestHomePage" name="testOpenCarouselBanner" time="5.205"/>
</testsuite> <!-- testcases.TestHomePage -->
