<?xml version="1.0" encoding="UTF-8"?>
<!-- Generated by org.testng.reporters.JUnitReportReporter -->
<testsuite hostname="Sajid" failures="0" tests="5" name="testcases.TestShoppingCart" time="12.047" errors="0" timestamp="2024-03-25T17:54:27 BDT" skipped="0">
  <testcase classname="testcases.TestShoppingCart" name="testShoppingCartButton" time="3.812"/>
  <testcase classname="testcases.TestShoppingCart" name="testAddedProductTitle" time="0.021"/>
  <testcase classname="testcases.TestShoppingCart" name="testUpdateQuantity" time="0.250"/>
  <testcase classname="testcases.TestShoppingCart" name="testUpdatedTotalPrice" time="5.069"/>
  <testcase classname="testcases.TestShoppingCart" name="testCompleteTheOrderButton" time="2.895"/>
</testsuite> <!-- testcases.TestShoppingCart -->
