<?xml version="1.0" encoding="UTF-8"?>
<!-- Generated by org.testng.reporters.JUnitReportReporter -->
<testsuite hostname="Sajid" failures="0" tests="5" name="testcases.TestBooksDisplay" time="2.950" errors="0" timestamp="2024-03-25T17:54:27 BDT" skipped="0">
  <testcase classname="testcases.TestBooksDisplay" name="testBookNameAndPrice" time="0.051"/>
  <testcase classname="testcases.TestBooksDisplay" name="testAuthorNameOfBook" time="0.013"/>
  <testcase classname="testcases.TestBooksDisplay" name="testSortingBooks" time="0.450"/>
  <testcase classname="testcases.TestBooksDisplay" name="testSelectABook" time="2.302"/>
  <testcase classname="testcases.TestBooksDisplay" name="testBookDescription" time="0.134"/>
</testsuite> <!-- testcases.TestBooksDisplay -->
