<?xml version="1.0" encoding="UTF-8"?>
<!-- Generated by org.testng.reporters.JUnitReportReporter -->
<testsuite hostname="Sajid" failures="0" tests="7" name="testcases.TestHeader" time="10.206" errors="0" timestamp="2024-03-25T17:54:27 BDT" skipped="0">
  <testcase classname="testcases.TestHeader" name="testDisplayLoginRegister" time="1.434"/>
  <testcase classname="testcases.TestHeader" name="testDisplayLogo" time="0.062"/>
  <testcase classname="testcases.TestHeader" name="testDisplayMenuBar" time="0.050"/>
  <testcase classname="testcases.TestHeader" name="testDisplaySearchBar" time="0.050"/>
  <testcase classname="testcases.TestHeader" name="testOpenAMenu" time="2.870"/>
  <testcase classname="testcases.TestHeader" name="testLogoFunctionality" time="2.930"/>
  <testcase classname="testcases.TestHeader" name="testOpenLoginAndRegisterPage" time="2.810"/>
</testsuite> <!-- testcases.TestHeader -->
