<?xml version="1.0" encoding="UTF-8"?>
<!-- Generated by org.testng.reporters.JUnitReportReporter -->
<testsuite hostname="Sajid" failures="0" tests="10" name="testcases.TestLogin" time="24.612" errors="0" timestamp="2024-03-26T20:08:19 BDT" skipped="0">
  <testcase classname="testcases.TestLogin" name="testloginPagetitle" time="1.397"/>
  <testcase classname="testcases.TestLogin" name="testInputFieldIsPresent" time="0.160"/>
  <testcase classname="testcases.TestLogin" name="testRegisterButonIsPresent" time="0.031"/>
  <testcase classname="testcases.TestLogin" name="testLoginWithInvalidCredentials" time="3.410"/>
  <testcase classname="testcases.TestLogin" name="testLoginWithInvalidCredentials" time="2.909"/>
  <testcase classname="testcases.TestLogin" name="testLoginWithInvalidCredentials" time="2.926"/>
  <testcase classname="testcases.TestLogin" name="testLoginWithInvalidCredentials" time="3.456"/>
  <testcase classname="testcases.TestLogin" name="testLoginWithInvalidCredentials" time="3.242"/>
  <testcase classname="testcases.TestLogin" name="testLoginWithInvalidCredentials" time="3.198"/>
  <testcase classname="testcases.TestLogin" name="testLoginWithValidCredentials" time="3.883"/>
</testsuite> <!-- testcases.TestLogin -->
