<?xml version="1.0" encoding="UTF-8"?>
<!-- Generated by org.testng.reporters.JUnitReportReporter -->
<testsuite hostname="Sajid" failures="0" tests="2" name="testcases.TestMyAccount" time="12.420" errors="0" timestamp="2024-03-26T20:08:19 BDT" skipped="0">
  <testcase classname="testcases.TestMyAccount" name="testMyAccountOption" time="5.765"/>
  <testcase classname="testcases.TestMyAccount" name="testLogout" time="6.655"/>
</testsuite> <!-- testcases.TestMyAccount -->
