<?xml version="1.0" encoding="UTF-8"?>
<!-- Generated by org.testng.reporters.JUnitReportReporter -->
<testsuite hostname="Sajid" failures="0" tests="3" name="testcases.TestHomePage" time="8.365" errors="0" timestamp="2024-03-26T20:08:19 BDT" skipped="0">
  <testcase classname="testcases.TestHomePage" name="testDisplayFeatureBooks" time="4.735"/>
  <testcase classname="testcases.TestHomePage" name="testDisplayCarouselBanner" time="0.251"/>
  <testcase classname="testcases.TestHomePage" name="testOpenCarouselBanner" time="3.379"/>
</testsuite> <!-- testcases.TestHomePage -->
