<?xml version="1.0" encoding="UTF-8"?>
<!-- Generated by org.testng.reporters.JUnitReportReporter -->
<testsuite hostname="Sajid" failures="0" tests="2" name="testcases.TestMyAccount" time="7.495" errors="0" timestamp="2024-03-25T17:54:27 BDT" skipped="0">
  <testcase classname="testcases.TestMyAccount" name="testMyAccountOption" time="3.625"/>
  <testcase classname="testcases.TestMyAccount" name="testLogout" time="3.870"/>
</testsuite> <!-- testcases.TestMyAccount -->
