<?xml version="1.0" encoding="UTF-8"?>
<!-- Generated by org.testng.reporters.JUnitReportReporter -->
<testsuite hostname="Sajid" failures="0" tests="7" name="testcases.TestHeader" time="9.272" errors="0" timestamp="2024-03-26T20:08:19 BDT" skipped="0">
  <testcase classname="testcases.TestHeader" name="testDisplayLoginRegister" time="1.360"/>
  <testcase classname="testcases.TestHeader" name="testDisplayLogo" time="0.195"/>
  <testcase classname="testcases.TestHeader" name="testDisplayMenuBar" time="0.041"/>
  <testcase classname="testcases.TestHeader" name="testDisplaySearchBar" time="0.041"/>
  <testcase classname="testcases.TestHeader" name="testOpenAMenu" time="2.903"/>
  <testcase classname="testcases.TestHeader" name="testLogoFunctionality" time="2.649"/>
  <testcase classname="testcases.TestHeader" name="testOpenLoginAndRegisterPage" time="2.083"/>
</testsuite> <!-- testcases.TestHeader -->
