<?xml version="1.0" encoding="UTF-8"?>
<!-- Generated by org.testng.reporters.JUnitReportReporter -->
<testsuite hostname="Sajid" failures="0" tests="4" name="testcases.TestAuthor" time="9.030" errors="0" timestamp="2024-03-26T20:08:19 BDT" skipped="0">
  <testcase classname="testcases.TestAuthor" name="testDisplayAuthorNames" time="0.923"/>
  <testcase classname="testcases.TestAuthor" name="testNextPageNumber" time="4.977"/>
  <testcase classname="testcases.TestAuthor" name="testRightwardArrow" time="1.653"/>
  <testcase classname="testcases.TestAuthor" name="testDisplayBooksOfAAuthor" time="1.477"/>
</testsuite> <!-- testcases.TestAuthor -->
