<?xml version="1.0" encoding="UTF-8"?>
<!-- Generated by org.testng.reporters.JUnitReportReporter -->
<testsuite hostname="Sajid" failures="0" tests="4" name="testcases.TestAuthor" time="5.355" errors="0" timestamp="2024-03-25T17:54:27 BDT" skipped="0">
  <testcase classname="testcases.TestAuthor" name="testDisplayAuthorNames" time="0.918"/>
  <testcase classname="testcases.TestAuthor" name="testNextPageNumber" time="1.922"/>
  <testcase classname="testcases.TestAuthor" name="testRightwardArrow" time="1.684"/>
  <testcase classname="testcases.TestAuthor" name="testDisplayBooksOfAAuthor" time="0.831"/>
</testsuite> <!-- testcases.TestAuthor -->
