<?xml version="1.0" encoding="UTF-8"?>
<!-- Generated by org.testng.reporters.JUnitReportReporter -->
<testsuite hostname="Sajid" failures="0" tests="5" name="testcases.TestBooksDisplay" time="3.611" errors="0" timestamp="2024-03-26T20:08:19 BDT" skipped="0">
  <testcase classname="testcases.TestBooksDisplay" name="testBookNameAndPrice" time="0.046"/>
  <testcase classname="testcases.TestBooksDisplay" name="testAuthorNameOfBook" time="0.026"/>
  <testcase classname="testcases.TestBooksDisplay" name="testSortingBooks" time="0.449"/>
  <testcase classname="testcases.TestBooksDisplay" name="testSelectABook" time="2.980"/>
  <testcase classname="testcases.TestBooksDisplay" name="testBookDescription" time="0.110"/>
</testsuite> <!-- testcases.TestBooksDisplay -->
