<?xml version="1.0" encoding="UTF-8"?>
<!-- Generated by org.testng.reporters.JUnitReportReporter -->
<testsuite hostname="Sajid" failures="0" tests="5" name="testcases.TestShoppingCart" time="10.582" errors="0" timestamp="2024-03-26T20:08:19 BDT" skipped="0">
  <testcase classname="testcases.TestShoppingCart" name="testShoppingCartButton" time="3.046"/>
  <testcase classname="testcases.TestShoppingCart" name="testAddedProductTitle" time="0.020"/>
  <testcase classname="testcases.TestShoppingCart" name="testUpdateQuantity" time="0.279"/>
  <testcase classname="testcases.TestShoppingCart" name="testUpdatedTotalPrice" time="5.041"/>
  <testcase classname="testcases.TestShoppingCart" name="testCompleteTheOrderButton" time="2.196"/>
</testsuite> <!-- testcases.TestShoppingCart -->
