<?xml version="1.0" encoding="UTF-8"?>
<!-- Generated by org.testng.reporters.JUnitReportReporter -->
<testsuite hostname="Sajid" failures="0" tests="2" name="testcases.TestOrder" time="2.318" errors="0" timestamp="2024-03-25T17:54:27 BDT" skipped="0">
  <testcase classname="testcases.TestOrder" name="testOrderButton" time="0.051"/>
  <testcase classname="testcases.TestOrder" name="testProductAddedToCart" time="2.267"/>
</testsuite> <!-- testcases.TestOrder -->
