<?xml version="1.0" encoding="UTF-8"?>
<!-- Generated by org.testng.reporters.JUnitReportReporter -->
<testsuite hostname="Sajid" failures="0" tests="6" name="testcases.TestCheckout" time="4.378" errors="0" timestamp="2024-03-25T17:54:27 BDT" skipped="0">
  <testcase classname="testcases.TestCheckout" name="testEmergencyPhoneNumberField" time="0.099"/>
  <testcase classname="testcases.TestCheckout" name="testSelectDistrict" time="0.391"/>
  <testcase classname="testcases.TestCheckout" name="testSelectUpazila" time="1.488"/>
  <testcase classname="testcases.TestCheckout" name="testAddressField" time="0.124"/>
  <testcase classname="testcases.TestCheckout" name="testOtherInformationField" time="0.100"/>
  <testcase classname="testcases.TestCheckout" name="testSelectPaymentOption" time="2.176"/>
</testsuite> <!-- testcases.TestCheckout -->
