<?xml version="1.0" encoding="UTF-8"?>
<!-- Generated by org.testng.reporters.JUnitReportReporter -->
<testsuite hostname="Sajid" failures="0" tests="6" name="testcases.TestCheckout" time="6.472" errors="0" timestamp="2024-03-26T20:08:19 BDT" skipped="0">
  <testcase classname="testcases.TestCheckout" name="testEmergencyPhoneNumberField" time="0.131"/>
  <testcase classname="testcases.TestCheckout" name="testSelectDistrict" time="0.351"/>
  <testcase classname="testcases.TestCheckout" name="testSelectUpazila" time="3.646"/>
  <testcase classname="testcases.TestCheckout" name="testAddressField" time="0.118"/>
  <testcase classname="testcases.TestCheckout" name="testOtherInformationField" time="0.083"/>
  <testcase classname="testcases.TestCheckout" name="testSelectPaymentOption" time="2.143"/>
</testsuite> <!-- testcases.TestCheckout -->
