<?xml version="1.0" encoding="UTF-8"?>
<!-- Generated by org.testng.reporters.JUnitReportReporter -->
<testsuite hostname="Sajid" failures="0" tests="3" name="testcases.TestHomePage" time="7.960" errors="0" timestamp="2024-03-25T17:54:27 BDT" skipped="0">
  <testcase classname="testcases.TestHomePage" name="testDisplayFeatureBooks" time="5.135"/>
  <testcase classname="testcases.TestHomePage" name="testDisplayCarouselBanner" time="0.195"/>
  <testcase classname="testcases.TestHomePage" name="testOpenCarouselBanner" time="2.630"/>
</testsuite> <!-- testcases.TestHomePage -->
