<?xml version="1.0" encoding="UTF-8"?>
<!-- Generated by org.testng.reporters.JUnitReportReporter -->
<testsuite hostname="Sajid" failures="0" tests="10" name="testcases.TestLogin" time="27.496" errors="0" timestamp="2024-03-25T17:54:27 BDT" skipped="0">
  <testcase classname="testcases.TestLogin" name="testloginPagetitle" time="1.638"/>
  <testcase classname="testcases.TestLogin" name="testInputFieldIsPresent" time="0.041"/>
  <testcase classname="testcases.TestLogin" name="testRegisterButonIsPresent" time="0.015"/>
  <testcase classname="testcases.TestLogin" name="testLoginWithInvalidCredentials" time="4.118"/>
  <testcase classname="testcases.TestLogin" name="testLoginWithInvalidCredentials" time="3.495"/>
  <testcase classname="testcases.TestLogin" name="testLoginWithInvalidCredentials" time="3.631"/>
  <testcase classname="testcases.TestLogin" name="testLoginWithInvalidCredentials" time="3.420"/>
  <testcase classname="testcases.TestLogin" name="testLoginWithInvalidCredentials" time="3.756"/>
  <testcase classname="testcases.TestLogin" name="testLoginWithInvalidCredentials" time="3.644"/>
  <testcase classname="testcases.TestLogin" name="testLoginWithValidCredentials" time="3.738"/>
</testsuite> <!-- testcases.TestLogin -->
